{"C:\\Users\\KIIT\\OneDrive\\Desktop\\api-server-main - Copy\\server\\app.js": {"path":"C:\\Users\\KIIT\\OneDrive\\Desktop\\api-server-main - Copy\\server\\app.js","statementMap":{"0":{"start":{"line":1,"column":16},"end":{"line":1,"column":34}},"1":{"start":{"line":2,"column":19},"end":{"line":2,"column":41}},"2":{"start":{"line":3,"column":13},"end":{"line":3,"column":28}},"3":{"start":{"line":4,"column":11},"end":{"line":4,"column":26}},"4":{"start":{"line":6,"column":12},"end":{"line":6,"column":21}},"5":{"start":{"line":7,"column":13},"end":{"line":7,"column":17}},"6":{"start":{"line":10,"column":20},"end":{"line":13,"column":1}},"7":{"start":{"line":14,"column":0},"end":{"line":14,"column":27}},"8":{"start":{"line":15,"column":0},"end":{"line":15,"column":27}},"9":{"start":{"line":18,"column":0},"end":{"line":26,"column":3}},"10":{"start":{"line":19,"column":2},"end":{"line":25,"column":3}},"11":{"start":{"line":20,"column":20},"end":{"line":20,"column":57}},"12":{"start":{"line":21,"column":4},"end":{"line":21,"column":20}},"13":{"start":{"line":23,"column":4},"end":{"line":23,"column":48}},"14":{"start":{"line":24,"column":4},"end":{"line":24,"column":49}},"15":{"start":{"line":28,"column":0},"end":{"line":47,"column":3}},"16":{"start":{"line":29,"column":2},"end":{"line":46,"column":3}},"17":{"start":{"line":30,"column":35},"end":{"line":30,"column":43}},"18":{"start":{"line":31,"column":4},"end":{"line":33,"column":5}},"19":{"start":{"line":32,"column":6},"end":{"line":32,"column":66}},"20":{"start":{"line":34,"column":21},"end":{"line":37,"column":5}},"21":{"start":{"line":38,"column":19},"end":{"line":38,"column":88}},"22":{"start":{"line":39,"column":4},"end":{"line":39,"column":34}},"23":{"start":{"line":41,"column":4},"end":{"line":41,"column":49}},"24":{"start":{"line":42,"column":4},"end":{"line":45,"column":7}},"25":{"start":{"line":49,"column":0},"end":{"line":62,"column":3}},"26":{"start":{"line":50,"column":2},"end":{"line":61,"column":3}},"27":{"start":{"line":51,"column":19},"end":{"line":51,"column":29}},"28":{"start":{"line":52,"column":46},"end":{"line":52,"column":54}},"29":{"start":{"line":53,"column":4},"end":{"line":56,"column":6}},"30":{"start":{"line":57,"column":19},"end":{"line":57,"column":75}},"31":{"start":{"line":58,"column":4},"end":{"line":58,"column":22}},"32":{"start":{"line":60,"column":4},"end":{"line":60,"column":49}},"33":{"start":{"line":64,"column":0},"end":{"line":72,"column":3}},"34":{"start":{"line":65,"column":2},"end":{"line":71,"column":3}},"35":{"start":{"line":66,"column":19},"end":{"line":66,"column":29}},"36":{"start":{"line":67,"column":4},"end":{"line":67,"column":59}},"37":{"start":{"line":68,"column":4},"end":{"line":68,"column":27}},"38":{"start":{"line":70,"column":4},"end":{"line":70,"column":49}},"39":{"start":{"line":75,"column":0},"end":{"line":75,"column":21}},"40":{"start":{"line":78,"column":0},"end":{"line":82,"column":1}},"41":{"start":{"line":79,"column":2},"end":{"line":81,"column":5}},"42":{"start":{"line":80,"column":4},"end":{"line":80,"column":62}}},"fnMap":{"0":{"name":"(anonymous_0)","decl":{"start":{"line":18,"column":22},"end":{"line":18,"column":23}},"loc":{"start":{"line":18,"column":42},"end":{"line":26,"column":1}},"line":18},"1":{"name":"(anonymous_1)","decl":{"start":{"line":28,"column":23},"end":{"line":28,"column":24}},"loc":{"start":{"line":28,"column":43},"end":{"line":47,"column":1}},"line":28},"2":{"name":"(anonymous_2)","decl":{"start":{"line":49,"column":26},"end":{"line":49,"column":27}},"loc":{"start":{"line":49,"column":46},"end":{"line":62,"column":1}},"line":49},"3":{"name":"(anonymous_3)","decl":{"start":{"line":64,"column":29},"end":{"line":64,"column":30}},"loc":{"start":{"line":64,"column":49},"end":{"line":72,"column":1}},"line":64},"4":{"name":"(anonymous_4)","decl":{"start":{"line":79,"column":19},"end":{"line":79,"column":20}},"loc":{"start":{"line":79,"column":25},"end":{"line":81,"column":3}},"line":79}},"branchMap":{"0":{"loc":{"start":{"line":31,"column":4},"end":{"line":33,"column":5}},"type":"if","locations":[{"start":{"line":31,"column":4},"end":{"line":33,"column":5}},{"start":{},"end":{}}],"line":31},"1":{"loc":{"start":{"line":36,"column":14},"end":{"line":36,"column":31}},"type":"binary-expr","locations":[{"start":{"line":36,"column":14},"end":{"line":36,"column":25}},{"start":{"line":36,"column":29},"end":{"line":36,"column":31}}],"line":36},"2":{"loc":{"start":{"line":78,"column":0},"end":{"line":82,"column":1}},"type":"if","locations":[{"start":{"line":78,"column":0},"end":{"line":82,"column":1}},{"start":{},"end":{}}],"line":78}},"s":{"0":1,"1":1,"2":1,"3":1,"4":1,"5":1,"6":1,"7":1,"8":1,"9":1,"10":1,"11":1,"12":1,"13":0,"14":0,"15":1,"16":1,"17":1,"18":1,"19":1,"20":0,"21":0,"22":0,"23":0,"24":0,"25":1,"26":0,"27":0,"28":0,"29":0,"30":0,"31":0,"32":0,"33":1,"34":0,"35":0,"36":0,"37":0,"38":0,"39":1,"40":1,"41":0,"42":0},"f":{"0":1,"1":1,"2":0,"3":0,"4":0},"b":{"0":[1,0],"1":[0,0],"2":[0,1]},"_coverageSchema":"1a1c01bbd47fc00a2c39e90264f33305004495a9","hash":"c987a0c63b73834955c0d76d1422675b2776f94c"}
,"C:\\Users\\KIIT\\OneDrive\\Desktop\\api-server-main - Copy\\server\\db.js": {"path":"C:\\Users\\KIIT\\OneDrive\\Desktop\\api-server-main - Copy\\server\\db.js","statementMap":{"0":{"start":{"line":1,"column":14},"end":{"line":1,"column":39}},"1":{"start":{"line":3,"column":13},"end":{"line":11,"column":2}},"2":{"start":{"line":14,"column":2},"end":{"line":14,"column":33}},"3":{"start":{"line":17,"column":0},"end":{"line":17,"column":33}}},"fnMap":{"0":{"name":"query","decl":{"start":{"line":13,"column":15},"end":{"line":13,"column":20}},"loc":{"start":{"line":13,"column":34},"end":{"line":15,"column":1}},"line":13}},"branchMap":{"0":{"loc":{"start":{"line":7,"column":12},"end":{"line":7,"column":68}},"type":"cond-expr","locations":[{"start":{"line":7,"column":46},"end":{"line":7,"column":55}},{"start":{"line":7,"column":58},"end":{"line":7,"column":68}}],"line":7}},"s":{"0":3,"1":3,"2":14,"3":3},"f":{"0":14},"b":{"0":[3,0]},"_coverageSchema":"1a1c01bbd47fc00a2c39e90264f33305004495a9","hash":"0a639ede39cba7d227b9eee9fb10ed2ec0dca80a"}
,"C:\\Users\\KIIT\\OneDrive\\Desktop\\api-server-main - Copy\\server\\client\\script.js": {"path":"C:\\Users\\KIIT\\OneDrive\\Desktop\\api-server-main - Copy\\server\\client\\script.js","statementMap":{"0":{"start":{"line":1,"column":0},"end":{"line":149,"column":3}},"1":{"start":{"line":4,"column":20},"end":{"line":4,"column":30}},"2":{"start":{"line":5,"column":27},"end":{"line":5,"column":93}},"3":{"start":{"line":6,"column":8},"end":{"line":6,"column":73}},"4":{"start":{"line":8,"column":4},"end":{"line":8,"column":34}},"5":{"start":{"line":9,"column":4},"end":{"line":9,"column":17}},"6":{"start":{"line":12,"column":4},"end":{"line":38,"column":7}},"7":{"start":{"line":13,"column":8},"end":{"line":13,"column":27}},"8":{"start":{"line":15,"column":22},"end":{"line":15,"column":65}},"9":{"start":{"line":16,"column":28},"end":{"line":16,"column":77}},"10":{"start":{"line":18,"column":8},"end":{"line":21,"column":9}},"11":{"start":{"line":19,"column":12},"end":{"line":19,"column":42}},"12":{"start":{"line":20,"column":12},"end":{"line":20,"column":19}},"13":{"start":{"line":23,"column":8},"end":{"line":37,"column":9}},"14":{"start":{"line":24,"column":29},"end":{"line":28,"column":14}},"15":{"start":{"line":30,"column":12},"end":{"line":30,"column":68}},"16":{"start":{"line":30,"column":30},"end":{"line":30,"column":68}},"17":{"start":{"line":32,"column":12},"end":{"line":32,"column":57}},"18":{"start":{"line":33,"column":12},"end":{"line":33,"column":25}},"19":{"start":{"line":35,"column":12},"end":{"line":35,"column":43}},"20":{"start":{"line":36,"column":12},"end":{"line":36,"column":75}},"21":{"start":{"line":42,"column":8},"end":{"line":52,"column":9}},"22":{"start":{"line":43,"column":29},"end":{"line":43,"column":75}},"23":{"start":{"line":44,"column":12},"end":{"line":44,"column":70}},"24":{"start":{"line":44,"column":30},"end":{"line":44,"column":70}},"25":{"start":{"line":46,"column":26},"end":{"line":46,"column":47}},"26":{"start":{"line":47,"column":12},"end":{"line":47,"column":31}},"27":{"start":{"line":49,"column":12},"end":{"line":49,"column":58}},"28":{"start":{"line":50,"column":12},"end":{"line":51,"column":87}},"29":{"start":{"line":57,"column":26},"end":{"line":57,"column":62}},"30":{"start":{"line":58,"column":8},"end":{"line":58,"column":33}},"31":{"start":{"line":60,"column":8},"end":{"line":63,"column":9}},"32":{"start":{"line":61,"column":12},"end":{"line":61,"column":93}},"33":{"start":{"line":62,"column":12},"end":{"line":62,"column":19}},"34":{"start":{"line":65,"column":8},"end":{"line":78,"column":11}},"35":{"start":{"line":66,"column":32},"end":{"line":66,"column":61}},"36":{"start":{"line":67,"column":12},"end":{"line":67,"column":85}},"37":{"start":{"line":68,"column":12},"end":{"line":68,"column":45}},"38":{"start":{"line":69,"column":12},"end":{"line":76,"column":14}},"39":{"start":{"line":77,"column":12},"end":{"line":77,"column":47}},"40":{"start":{"line":81,"column":8},"end":{"line":83,"column":11}},"41":{"start":{"line":82,"column":12},"end":{"line":82,"column":64}},"42":{"start":{"line":85,"column":8},"end":{"line":87,"column":11}},"43":{"start":{"line":86,"column":12},"end":{"line":86,"column":54}},"44":{"start":{"line":92,"column":25},"end":{"line":92,"column":55}},"45":{"start":{"line":93,"column":23},"end":{"line":93,"column":42}},"46":{"start":{"line":94,"column":26},"end":{"line":94,"column":42}},"47":{"start":{"line":96,"column":8},"end":{"line":114,"column":9}},"48":{"start":{"line":97,"column":29},"end":{"line":105,"column":14}},"49":{"start":{"line":107,"column":12},"end":{"line":107,"column":71}},"50":{"start":{"line":107,"column":30},"end":{"line":107,"column":71}},"51":{"start":{"line":109,"column":12},"end":{"line":109,"column":62}},"52":{"start":{"line":111,"column":12},"end":{"line":111,"column":43}},"53":{"start":{"line":112,"column":12},"end":{"line":112,"column":42}},"54":{"start":{"line":113,"column":12},"end":{"line":113,"column":51}},"55":{"start":{"line":119,"column":8},"end":{"line":119,"column":75}},"56":{"start":{"line":119,"column":68},"end":{"line":119,"column":75}},"57":{"start":{"line":121,"column":25},"end":{"line":121,"column":55}},"58":{"start":{"line":122,"column":23},"end":{"line":122,"column":42}},"59":{"start":{"line":124,"column":8},"end":{"line":144,"column":9}},"60":{"start":{"line":125,"column":29},"end":{"line":127,"column":14}},"61":{"start":{"line":129,"column":12},"end":{"line":129,"column":71}},"62":{"start":{"line":129,"column":30},"end":{"line":129,"column":71}},"63":{"start":{"line":131,"column":12},"end":{"line":131,"column":58}},"64":{"start":{"line":132,"column":12},"end":{"line":132,"column":41}},"65":{"start":{"line":134,"column":12},"end":{"line":140,"column":20}},"66":{"start":{"line":135,"column":16},"end":{"line":135,"column":34}},"67":{"start":{"line":136,"column":16},"end":{"line":139,"column":17}},"68":{"start":{"line":137,"column":20},"end":{"line":138,"column":89}},"69":{"start":{"line":142,"column":12},"end":{"line":142,"column":43}},"70":{"start":{"line":143,"column":12},"end":{"line":143,"column":44}},"71":{"start":{"line":148,"column":4},"end":{"line":148,"column":17}}},"fnMap":{"0":{"name":"(anonymous_0)","decl":{"start":{"line":1,"column":46},"end":{"line":1,"column":47}},"loc":{"start":{"line":1,"column":52},"end":{"line":149,"column":1}},"line":1},"1":{"name":"updateTime","decl":{"start":{"line":3,"column":13},"end":{"line":3,"column":23}},"loc":{"start":{"line":3,"column":26},"end":{"line":7,"column":5}},"line":3},"2":{"name":"(anonymous_2)","decl":{"start":{"line":12,"column":68},"end":{"line":12,"column":69}},"loc":{"start":{"line":12,"column":81},"end":{"line":38,"column":5}},"line":12},"3":{"name":"fetchTasks","decl":{"start":{"line":41,"column":19},"end":{"line":41,"column":29}},"loc":{"start":{"line":41,"column":32},"end":{"line":53,"column":5}},"line":41},"4":{"name":"renderTasks","decl":{"start":{"line":56,"column":13},"end":{"line":56,"column":24}},"loc":{"start":{"line":56,"column":32},"end":{"line":88,"column":5}},"line":56},"5":{"name":"(anonymous_5)","decl":{"start":{"line":65,"column":22},"end":{"line":65,"column":23}},"loc":{"start":{"line":65,"column":30},"end":{"line":78,"column":9}},"line":65},"6":{"name":"(anonymous_6)","decl":{"start":{"line":81,"column":64},"end":{"line":81,"column":65}},"loc":{"start":{"line":81,"column":76},"end":{"line":83,"column":9}},"line":81},"7":{"name":"(anonymous_7)","decl":{"start":{"line":85,"column":57},"end":{"line":85,"column":58}},"loc":{"start":{"line":85,"column":64},"end":{"line":87,"column":9}},"line":85},"8":{"name":"toggleComplete","decl":{"start":{"line":91,"column":19},"end":{"line":91,"column":33}},"loc":{"start":{"line":91,"column":37},"end":{"line":115,"column":5}},"line":91},"9":{"name":"deleteTask","decl":{"start":{"line":118,"column":19},"end":{"line":118,"column":29}},"loc":{"start":{"line":118,"column":33},"end":{"line":145,"column":5}},"line":118},"10":{"name":"(anonymous_10)","decl":{"start":{"line":134,"column":23},"end":{"line":134,"column":24}},"loc":{"start":{"line":134,"column":29},"end":{"line":140,"column":13}},"line":134}},"branchMap":{"0":{"loc":{"start":{"line":18,"column":8},"end":{"line":21,"column":9}},"type":"if","locations":[{"start":{"line":18,"column":8},"end":{"line":21,"column":9}},{"start":{},"end":{}}],"line":18},"1":{"loc":{"start":{"line":30,"column":12},"end":{"line":30,"column":68}},"type":"if","locations":[{"start":{"line":30,"column":12},"end":{"line":30,"column":68}},{"start":{},"end":{}}],"line":30},"2":{"loc":{"start":{"line":44,"column":12},"end":{"line":44,"column":70}},"type":"if","locations":[{"start":{"line":44,"column":12},"end":{"line":44,"column":70}},{"start":{},"end":{}}],"line":44},"3":{"loc":{"start":{"line":60,"column":8},"end":{"line":63,"column":9}},"type":"if","locations":[{"start":{"line":60,"column":8},"end":{"line":63,"column":9}},{"start":{},"end":{}}],"line":60},"4":{"loc":{"start":{"line":67,"column":49},"end":{"line":67,"column":82}},"type":"cond-expr","locations":[{"start":{"line":67,"column":66},"end":{"line":67,"column":77}},{"start":{"line":67,"column":80},"end":{"line":67,"column":82}}],"line":67},"5":{"loc":{"start":{"line":70,"column":67},"end":{"line":70,"column":98}},"type":"cond-expr","locations":[{"start":{"line":70,"column":84},"end":{"line":70,"column":93}},{"start":{"line":70,"column":96},"end":{"line":70,"column":98}}],"line":70},"6":{"loc":{"start":{"line":73,"column":22},"end":{"line":73,"column":74}},"type":"cond-expr","locations":[{"start":{"line":73,"column":41},"end":{"line":73,"column":69}},{"start":{"line":73,"column":72},"end":{"line":73,"column":74}}],"line":73},"7":{"loc":{"start":{"line":103,"column":33},"end":{"line":103,"column":79}},"type":"binary-expr","locations":[{"start":{"line":103,"column":33},"end":{"line":103,"column":73}},{"start":{"line":103,"column":77},"end":{"line":103,"column":79}}],"line":103},"8":{"loc":{"start":{"line":107,"column":12},"end":{"line":107,"column":71}},"type":"if","locations":[{"start":{"line":107,"column":12},"end":{"line":107,"column":71}},{"start":{},"end":{}}],"line":107},"9":{"loc":{"start":{"line":119,"column":8},"end":{"line":119,"column":75}},"type":"if","locations":[{"start":{"line":119,"column":8},"end":{"line":119,"column":75}},{"start":{},"end":{}}],"line":119},"10":{"loc":{"start":{"line":129,"column":12},"end":{"line":129,"column":71}},"type":"if","locations":[{"start":{"line":129,"column":12},"end":{"line":129,"column":71}},{"start":{},"end":{}}],"line":129},"11":{"loc":{"start":{"line":136,"column":16},"end":{"line":139,"column":17}},"type":"if","locations":[{"start":{"line":136,"column":16},"end":{"line":139,"column":17}},{"start":{},"end":{}}],"line":136}},"s":{"0":0,"1":0,"2":0,"3":0,"4":0,"5":0,"6":0,"7":0,"8":0,"9":0,"10":0,"11":0,"12":0,"13":0,"14":0,"15":0,"16":0,"17":0,"18":0,"19":0,"20":0,"21":0,"22":0,"23":0,"24":0,"25":0,"26":0,"27":0,"28":0,"29":0,"30":0,"31":0,"32":0,"33":0,"34":0,"35":0,"36":0,"37":0,"38":0,"39":0,"40":0,"41":0,"42":0,"43":0,"44":0,"45":0,"46":0,"47":0,"48":0,"49":0,"50":0,"51":0,"52":0,"53":0,"54":0,"55":0,"56":0,"57":0,"58":0,"59":0,"60":0,"61":0,"62":0,"63":0,"64":0,"65":0,"66":0,"67":0,"68":0,"69":0,"70":0,"71":0},"f":{"0":0,"1":0,"2":0,"3":0,"4":0,"5":0,"6":0,"7":0,"8":0,"9":0,"10":0},"b":{"0":[0,0],"1":[0,0],"2":[0,0],"3":[0,0],"4":[0,0],"5":[0,0],"6":[0,0],"7":[0,0],"8":[0,0],"9":[0,0],"10":[0,0],"11":[0,0]}}
,"C:\\Users\\KIIT\\OneDrive\\Desktop\\api-server-main - Copy\\server\\server\\app.js": {"path":"C:\\Users\\KIIT\\OneDrive\\Desktop\\api-server-main - Copy\\server\\server\\app.js","statementMap":{"0":{"start":{"line":1,"column":16},"end":{"line":1,"column":34}},"1":{"start":{"line":2,"column":19},"end":{"line":2,"column":41}},"2":{"start":{"line":3,"column":13},"end":{"line":3,"column":28}},"3":{"start":{"line":4,"column":11},"end":{"line":4,"column":26}},"4":{"start":{"line":6,"column":12},"end":{"line":6,"column":21}},"5":{"start":{"line":7,"column":13},"end":{"line":7,"column":17}},"6":{"start":{"line":10,"column":20},"end":{"line":13,"column":1}},"7":{"start":{"line":14,"column":0},"end":{"line":14,"column":27}},"8":{"start":{"line":15,"column":0},"end":{"line":15,"column":27}},"9":{"start":{"line":18,"column":0},"end":{"line":26,"column":3}},"10":{"start":{"line":19,"column":4},"end":{"line":25,"column":5}},"11":{"start":{"line":20,"column":24},"end":{"line":20,"column":61}},"12":{"start":{"line":21,"column":8},"end":{"line":21,"column":24}},"13":{"start":{"line":23,"column":8},"end":{"line":23,"column":52}},"14":{"start":{"line":24,"column":8},"end":{"line":24,"column":53}},"15":{"start":{"line":28,"column":0},"end":{"line":49,"column":3}},"16":{"start":{"line":29,"column":4},"end":{"line":48,"column":5}},"17":{"start":{"line":30,"column":39},"end":{"line":30,"column":47}},"18":{"start":{"line":31,"column":8},"end":{"line":33,"column":9}},"19":{"start":{"line":32,"column":12},"end":{"line":32,"column":72}},"20":{"start":{"line":35,"column":25},"end":{"line":38,"column":9}},"21":{"start":{"line":40,"column":23},"end":{"line":40,"column":92}},"22":{"start":{"line":41,"column":8},"end":{"line":41,"column":38}},"23":{"start":{"line":43,"column":8},"end":{"line":43,"column":53}},"24":{"start":{"line":44,"column":8},"end":{"line":47,"column":11}},"25":{"start":{"line":51,"column":0},"end":{"line":74,"column":3}},"26":{"start":{"line":52,"column":4},"end":{"line":73,"column":5}},"27":{"start":{"line":53,"column":23},"end":{"line":53,"column":33}},"28":{"start":{"line":54,"column":50},"end":{"line":54,"column":58}},"29":{"start":{"line":57,"column":8},"end":{"line":59,"column":9}},"30":{"start":{"line":58,"column":12},"end":{"line":58,"column":86}},"31":{"start":{"line":61,"column":8},"end":{"line":64,"column":10}},"32":{"start":{"line":66,"column":23},"end":{"line":66,"column":79}},"33":{"start":{"line":67,"column":8},"end":{"line":69,"column":9}},"34":{"start":{"line":68,"column":12},"end":{"line":68,"column":69}},"35":{"start":{"line":70,"column":8},"end":{"line":70,"column":26}},"36":{"start":{"line":72,"column":8},"end":{"line":72,"column":53}},"37":{"start":{"line":76,"column":0},"end":{"line":88,"column":3}},"38":{"start":{"line":77,"column":4},"end":{"line":87,"column":5}},"39":{"start":{"line":78,"column":23},"end":{"line":78,"column":33}},"40":{"start":{"line":79,"column":25},"end":{"line":79,"column":79}},"41":{"start":{"line":81,"column":8},"end":{"line":83,"column":9}},"42":{"start":{"line":82,"column":12},"end":{"line":82,"column":69}},"43":{"start":{"line":84,"column":8},"end":{"line":84,"column":31}},"44":{"start":{"line":86,"column":8},"end":{"line":86,"column":53}},"45":{"start":{"line":91,"column":0},"end":{"line":91,"column":21}},"46":{"start":{"line":94,"column":0},"end":{"line":98,"column":1}},"47":{"start":{"line":95,"column":2},"end":{"line":97,"column":5}},"48":{"start":{"line":96,"column":4},"end":{"line":96,"column":62}}},"fnMap":{"0":{"name":"(anonymous_0)","decl":{"start":{"line":18,"column":22},"end":{"line":18,"column":23}},"loc":{"start":{"line":18,"column":42},"end":{"line":26,"column":1}},"line":18},"1":{"name":"(anonymous_1)","decl":{"start":{"line":28,"column":23},"end":{"line":28,"column":24}},"loc":{"start":{"line":28,"column":43},"end":{"line":49,"column":1}},"line":28},"2":{"name":"(anonymous_2)","decl":{"start":{"line":51,"column":26},"end":{"line":51,"column":27}},"loc":{"start":{"line":51,"column":46},"end":{"line":74,"column":1}},"line":51},"3":{"name":"(anonymous_3)","decl":{"start":{"line":76,"column":29},"end":{"line":76,"column":30}},"loc":{"start":{"line":76,"column":49},"end":{"line":88,"column":1}},"line":76},"4":{"name":"(anonymous_4)","decl":{"start":{"line":95,"column":19},"end":{"line":95,"column":20}},"loc":{"start":{"line":95,"column":25},"end":{"line":97,"column":3}},"line":95}},"branchMap":{"0":{"loc":{"start":{"line":31,"column":8},"end":{"line":33,"column":9}},"type":"if","locations":[{"start":{"line":31,"column":8},"end":{"line":33,"column":9}},{"start":{},"end":{}}],"line":31},"1":{"loc":{"start":{"line":37,"column":20},"end":{"line":37,"column":37}},"type":"binary-expr","locations":[{"start":{"line":37,"column":20},"end":{"line":37,"column":31}},{"start":{"line":37,"column":35},"end":{"line":37,"column":37}}],"line":37},"2":{"loc":{"start":{"line":57,"column":8},"end":{"line":59,"column":9}},"type":"if","locations":[{"start":{"line":57,"column":8},"end":{"line":59,"column":9}},{"start":{},"end":{}}],"line":57},"3":{"loc":{"start":{"line":57,"column":12},"end":{"line":57,"column":45}},"type":"binary-expr","locations":[{"start":{"line":57,"column":12},"end":{"line":57,"column":18}},{"start":{"line":57,"column":22},"end":{"line":57,"column":45}}],"line":57},"4":{"loc":{"start":{"line":67,"column":8},"end":{"line":69,"column":9}},"type":"if","locations":[{"start":{"line":67,"column":8},"end":{"line":69,"column":9}},{"start":{},"end":{}}],"line":67},"5":{"loc":{"start":{"line":81,"column":8},"end":{"line":83,"column":9}},"type":"if","locations":[{"start":{"line":81,"column":8},"end":{"line":83,"column":9}},{"start":{},"end":{}}],"line":81},"6":{"loc":{"start":{"line":94,"column":0},"end":{"line":98,"column":1}},"type":"if","locations":[{"start":{"line":94,"column":0},"end":{"line":98,"column":1}},{"start":{},"end":{}}],"line":94}},"s":{"0":1,"1":1,"2":1,"3":1,"4":1,"5":1,"6":1,"7":1,"8":1,"9":1,"10":1,"11":1,"12":1,"13":0,"14":0,"15":1,"16":1,"17":1,"18":1,"19":1,"20":0,"21":0,"22":0,"23":0,"24":0,"25":1,"26":0,"27":0,"28":0,"29":0,"30":0,"31":0,"32":0,"33":0,"34":0,"35":0,"36":0,"37":1,"38":0,"39":0,"40":0,"41":0,"42":0,"43":0,"44":0,"45":1,"46":1,"47":0,"48":0},"f":{"0":1,"1":1,"2":0,"3":0,"4":0},"b":{"0":[1,0],"1":[0,0],"2":[0,0],"3":[0,0],"4":[0,0],"5":[0,0],"6":[0,1]},"_coverageSchema":"1a1c01bbd47fc00a2c39e90264f33305004495a9","hash":"74c7dba44170eed26efaaceff74a59680f314f18"}
,"C:\\Users\\KIIT\\OneDrive\\Desktop\\api-server-main - Copy\\server\\server\\db.js": {"path":"C:\\Users\\KIIT\\OneDrive\\Desktop\\api-server-main - Copy\\server\\server\\db.js","statementMap":{"0":{"start":{"line":1,"column":14},"end":{"line":1,"column":39}},"1":{"start":{"line":3,"column":13},"end":{"line":11,"column":2}},"2":{"start":{"line":15,"column":2},"end":{"line":15,"column":33}},"3":{"start":{"line":18,"column":0},"end":{"line":18,"column":33}}},"fnMap":{"0":{"name":"query","decl":{"start":{"line":14,"column":15},"end":{"line":14,"column":20}},"loc":{"start":{"line":14,"column":34},"end":{"line":16,"column":1}},"line":14}},"branchMap":{"0":{"loc":{"start":{"line":7,"column":12},"end":{"line":7,"column":68}},"type":"cond-expr","locations":[{"start":{"line":7,"column":46},"end":{"line":7,"column":55}},{"start":{"line":7,"column":58},"end":{"line":7,"column":68}}],"line":7}},"s":{"0":3,"1":3,"2":17,"3":3},"f":{"0":17},"b":{"0":[3,0]},"_coverageSchema":"1a1c01bbd47fc00a2c39e90264f33305004495a9","hash":"cad66bcc66471b2cc7aed39ebe559d0357727014"}
}
